SF:lib/main.dart
DA:3,0
DA:4,0
DA:8,2
DA:11,1
DA:13,1
DA:15,1
DA:31,1
DA:40,1
DA:53,1
DA:54,1
DA:60,1
DA:61,2
DA:67,2
DA:71,1
DA:79,1
DA:80,1
DA:84,3
DA:87,3
DA:89,1
DA:92,1
DA:107,1
DA:111,1
DA:112,2
DA:113,3
DA:118,1
DA:119,1
LF:26
LH:24
end_of_record
SF:lib/core/failure/not_found.dart
DA:6,6
LF:1
LH:1
end_of_record
SF:lib/core/failure/storage_failure.dart
DA:4,4
LF:1
LH:1
end_of_record
SF:lib/features/todo/data/datasources/task_local_data_source.dart
DA:14,1
DA:17,1
DA:23,3
DA:24,1
DA:25,2
DA:26,1
DA:27,1
DA:29,1
DA:30,1
DA:31,4
DA:32,2
DA:34,2
DA:38,1
DA:39,2
DA:41,1
DA:43,6
DA:44,4
DA:45,2
DA:47,1
DA:48,1
DA:49,2
DA:51,0
DA:52,0
DA:56,1
DA:58,3
DA:59,4
DA:60,1
DA:61,1
DA:63,1
DA:64,1
DA:65,2
DA:66,1
DA:68,3
DA:71,3
DA:75,1
DA:77,3
DA:78,4
DA:79,1
DA:80,1
DA:81,2
DA:83,3
DA:87,1
DA:89,3
DA:90,5
DA:91,1
DA:92,1
DA:93,2
DA:95,1
DA:96,1
DA:97,2
DA:99,3
DA:102,3
LF:52
LH:50
end_of_record
SF:lib/features/todo/data/models/task_model.dart
DA:4,2
DA:10,2
DA:18,2
DA:19,2
DA:20,2
DA:21,2
DA:22,2
DA:23,2
DA:24,4
DA:28,2
DA:29,2
DA:30,2
DA:31,2
DA:32,2
DA:33,2
DA:34,4
LF:16
LH:16
end_of_record
SF:lib/core/failure/failure.dart
DA:5,3
DA:6,2
DA:7,4
LF:3
LH:3
end_of_record
SF:lib/features/todo/domain/entities/task.dart
DA:10,8
DA:18,1
DA:25,1
DA:26,1
DA:27,1
DA:28,0
DA:29,1
DA:30,1
DA:34,5
DA:35,30
LF:10
LH:9
end_of_record
SF:lib/features/todo/domain/usecases/update_task.dart
DA:10,1
DA:11,1
DA:13,2
LF:3
LH:3
end_of_record
SF:lib/features/todo/domain/usecases/view_all_tasks.dart
DA:9,1
DA:11,1
DA:13,2
LF:3
LH:3
end_of_record
SF:lib/features/todo/presentation/bloc/task_event.dart
DA:4,2
DA:6,0
DA:7,0
DA:10,1
DA:14,1
DA:17,0
DA:18,0
DA:22,0
DA:23,0
DA:24,0
DA:28,0
LF:11
LH:3
end_of_record
SF:lib/features/todo/presentation/bloc/task_state.dart
DA:4,10
DA:10,1
DA:14,1
DA:15,1
DA:16,2
DA:19,1
DA:20,3
LF:7
LH:7
end_of_record
SF:lib/features/todo/presentation/bloc/task_bloc.dart
DA:15,1
DA:18,1
DA:19,2
DA:20,2
DA:23,1
DA:24,4
DA:25,1
DA:26,2
DA:27,3
DA:28,1
DA:29,1
DA:31,3
DA:32,1
DA:37,1
DA:38,4
DA:39,4
DA:40,2
DA:41,1
DA:42,0
DA:43,4
DA:44,1
DA:45,9
LF:22
LH:21
end_of_record
SF:lib/features/todo/data/repositories/task_repository_imp.dart
DA:9,1
DA:10,1
DA:11,2
DA:13,1
DA:14,2
DA:16,0
DA:17,0
DA:19,1
DA:20,2
DA:22,1
DA:23,2
LF:11
LH:9
end_of_record
SF:lib/features/todo/domain/usecases/create_task.dart
DA:11,1
DA:13,1
DA:15,2
LF:3
LH:3
end_of_record
SF:lib/features/todo/domain/usecases/view_task.dart
DA:9,1
DA:10,1
DA:12,2
LF:3
LH:3
end_of_record
