SF:lib/core/failure/not_found.dart
DA:6,6
LF:1
LH:1
end_of_record
SF:lib/core/failure/storage_failure.dart
DA:4,6
LF:1
LH:1
end_of_record
SF:lib/features/todo/data/datasources/task_local_data_source.dart
DA:14,1
DA:17,1
DA:23,3
DA:24,1
DA:25,2
DA:26,1
DA:27,1
DA:29,1
DA:30,1
DA:31,4
DA:32,2
DA:34,3
DA:35,1
DA:42,1
DA:49,1
DA:57,2
DA:62,1
DA:63,2
DA:65,1
DA:67,6
DA:68,4
DA:69,2
DA:71,1
DA:72,1
DA:73,2
DA:75,0
DA:79,1
DA:81,3
DA:82,4
DA:83,1
DA:84,1
DA:86,1
DA:87,1
DA:88,2
DA:89,1
DA:91,3
DA:94,3
DA:98,1
DA:100,3
DA:101,4
DA:102,1
DA:103,1
DA:104,2
DA:106,3
DA:110,1
DA:112,3
DA:113,5
DA:114,1
DA:115,1
DA:116,2
DA:118,1
DA:119,1
DA:120,2
DA:122,3
DA:125,3
LF:55
LH:54
end_of_record
SF:lib/features/todo/data/models/task_model.dart
DA:4,2
DA:10,2
DA:18,2
DA:19,2
DA:20,2
DA:21,2
DA:22,2
DA:23,2
DA:24,4
DA:28,2
DA:30,2
DA:31,2
DA:32,2
DA:33,2
DA:34,2
DA:35,4
LF:16
LH:16
end_of_record
SF:lib/core/app_block_observer.dart
DA:6,14
DA:8,0
DA:10,0
DA:11,0
DA:14,0
DA:16,0
DA:17,0
LF:7
LH:1
end_of_record
SF:lib/core/failure/failure.dart
DA:5,4
DA:6,3
DA:7,6
LF:3
LH:3
end_of_record
SF:lib/features/todo/domain/entities/task.dart
DA:10,12
DA:18,3
DA:25,3
DA:26,2
DA:27,2
DA:28,1
DA:29,2
DA:30,3
DA:33,0
DA:34,0
DA:35,0
DA:36,0
DA:37,0
DA:38,0
DA:39,0
DA:43,0
DA:44,0
DA:45,0
DA:46,0
DA:47,0
DA:48,0
DA:49,0
DA:53,7
DA:54,42
LF:24
LH:10
end_of_record
SF:lib/features/todo/data/repositories/task_repository_imp.dart
DA:9,1
DA:10,1
DA:11,2
DA:13,1
DA:14,2
DA:16,0
DA:17,0
DA:19,1
DA:20,2
DA:22,1
DA:23,2
LF:11
LH:9
end_of_record
SF:lib/features/todo/domain/usecases/create_task.dart
DA:11,1
DA:13,1
DA:15,2
LF:3
LH:3
end_of_record
SF:lib/features/todo/domain/usecases/delete_task.dart
DA:10,1
DA:11,1
DA:13,3
LF:3
LH:3
end_of_record
SF:lib/features/todo/domain/usecases/update_task.dart
DA:10,1
DA:11,1
DA:13,2
LF:3
LH:3
end_of_record
SF:lib/features/todo/domain/usecases/view_all_tasks.dart
DA:9,1
DA:11,1
DA:13,2
LF:3
LH:3
end_of_record
SF:lib/features/todo/domain/usecases/view_task.dart
DA:9,1
DA:10,1
DA:12,2
LF:3
LH:3
end_of_record
SF:lib/features/todo/presentation/bloc/create_task_cubit/create_task_state.dart
DA:4,1
DA:6,0
DA:7,0
DA:14,0
DA:15,0
DA:16,0
LF:6
LH:1
end_of_record
SF:lib/features/todo/presentation/bloc/create_task_cubit/create_task_cubit.dart
DA:10,1
DA:12,2
DA:14,0
DA:15,0
DA:16,0
DA:17,0
DA:18,0
DA:19,0
LF:8
LH:2
end_of_record
SF:lib/features/todo/presentation/bloc/edit_task_cubit/edit_task_cubit.dart
DA:10,1
DA:12,2
DA:14,0
DA:15,0
DA:16,0
DA:17,0
DA:18,0
DA:19,0
LF:8
LH:2
end_of_record
SF:lib/features/todo/presentation/bloc/edit_task_cubit/edit_task_state.dart
DA:4,1
DA:6,0
DA:7,0
DA:14,0
DA:15,0
DA:16,0
LF:6
LH:1
end_of_record
SF:lib/features/todo/presentation/bloc/task_event.dart
DA:4,18
DA:6,0
DA:7,0
DA:10,16
DA:14,2
DA:17,0
DA:18,0
DA:22,0
DA:23,0
DA:24,0
DA:28,0
LF:11
LH:3
end_of_record
SF:lib/features/todo/presentation/bloc/task_state.dart
DA:4,17
DA:10,2
DA:14,2
DA:15,2
DA:16,4
DA:19,2
DA:20,6
LF:7
LH:7
end_of_record
SF:lib/features/todo/presentation/bloc/task_bloc.dart
DA:17,2
DA:21,2
DA:22,4
DA:23,4
DA:24,4
DA:27,2
DA:28,8
DA:29,2
DA:30,4
DA:31,6
DA:32,2
DA:33,2
DA:35,3
DA:36,1
DA:41,2
DA:42,8
DA:43,8
DA:44,4
DA:45,2
DA:46,0
DA:47,8
DA:48,2
DA:53,0
DA:54,0
DA:55,0
DA:56,0
DA:57,0
DA:58,0
DA:59,0
LF:29
LH:21
end_of_record
SF:lib/features/todo/presentation/pages/create_task_page.dart
DA:16,2
DA:17,2
DA:18,2
DA:19,2
DA:20,2
DA:22,1
DA:32,1
DA:33,1
DA:37,1
DA:39,1
DA:40,3
DA:41,1
DA:42,1
DA:43,1
DA:47,0
DA:48,0
DA:50,1
DA:51,3
DA:54,1
DA:55,1
DA:58,1
DA:59,1
DA:60,1
DA:61,2
DA:62,1
DA:64,1
DA:65,2
DA:66,1
DA:68,1
DA:69,1
DA:70,1
DA:71,1
DA:72,1
DA:73,1
DA:79,1
DA:82,1
DA:83,1
DA:86,1
DA:87,1
DA:92,0
DA:93,0
DA:94,0
DA:97,2
DA:100,1
DA:104,2
DA:105,1
DA:106,2
DA:111,0
DA:112,0
DA:113,0
DA:118,1
DA:122,0
DA:123,0
DA:124,0
DA:127,2
DA:128,1
DA:131,1
DA:132,1
DA:133,4
DA:134,5
DA:135,3
DA:136,2
DA:137,3
DA:140,1
DA:141,4
DA:142,1
DA:144,2
DA:178,2
DA:190,2
DA:192,2
DA:194,2
DA:197,2
DA:198,2
DA:200,2
DA:201,2
DA:208,2
DA:209,2
DA:210,2
DA:211,4
DA:213,2
DA:214,2
DA:215,2
DA:217,2
DA:221,2
DA:222,2
DA:223,2
DA:224,2
DA:226,2
DA:227,2
DA:228,6
DA:229,2
DA:230,2
DA:231,2
DA:250,2
DA:257,2
DA:259,2
DA:261,2
DA:267,2
DA:269,2
DA:270,7
DA:273,0
DA:274,0
DA:275,0
DA:276,0
DA:277,0
DA:278,0
DA:281,0
DA:282,0
DA:283,0
DA:286,0
DA:287,0
DA:288,0
DA:289,0
DA:295,2
DA:297,2
DA:298,4
DA:299,4
DA:300,4
DA:301,2
DA:302,2
DA:303,2
DA:304,2
DA:307,2
DA:308,2
DA:310,6
DA:315,2
DA:316,2
DA:317,2
DA:318,4
DA:320,2
DA:321,2
DA:322,2
DA:324,2
DA:327,2
DA:328,2
DA:329,4
DA:330,2
DA:331,2
DA:332,2
DA:335,2
DA:337,2
DA:338,2
DA:339,2
DA:340,8
DA:342,2
DA:343,2
DA:344,8
DA:345,0
DA:348,2
LF:149
LH:124
end_of_record
SF:lib/main.dart
DA:19,0
DA:20,0
DA:21,0
DA:23,0
DA:27,15
DA:30,1
DA:32,1
DA:35,1
DA:36,1
DA:37,0
DA:39,0
DA:40,0
DA:41,0
DA:43,1
DA:44,1
LF:15
LH:7
end_of_record
SF:lib/service_locator.dart
DA:13,0
DA:15,0
DA:16,0
DA:17,0
DA:18,0
DA:19,0
DA:20,0
DA:21,0
DA:22,0
DA:23,0
DA:24,0
DA:25,0
LF:12
LH:0
end_of_record
SF:lib/features/todo/presentation/pages/onboarding.dart
DA:5,15
DA:7,2
DA:9,2
DA:11,2
DA:12,2
DA:13,2
DA:17,2
DA:19,2
DA:23,2
DA:25,2
DA:26,1
DA:27,1
DA:29,2
DA:31,2
DA:32,2
LF:15
LH:15
end_of_record
SF:lib/features/todo/presentation/pages/task_edit_page.dart
DA:11,14
DA:13,0
DA:15,0
DA:17,0
DA:19,0
DA:20,0
DA:21,0
DA:33,1
DA:36,2
DA:37,2
DA:38,1
DA:39,1
DA:41,1
DA:42,1
DA:49,1
DA:51,1
DA:52,1
DA:55,1
DA:59,0
DA:60,0
DA:62,1
DA:63,3
DA:66,1
DA:67,1
DA:70,1
DA:71,1
DA:72,1
DA:73,1
DA:74,1
DA:76,1
DA:77,1
DA:78,1
DA:79,1
DA:80,1
DA:83,1
DA:88,1
DA:92,2
DA:93,0
DA:94,0
DA:103,1
DA:107,2
DA:108,0
DA:109,0
DA:114,0
DA:115,0
DA:116,0
DA:123,1
DA:127,2
DA:132,1
DA:133,0
DA:134,0
DA:135,0
DA:136,0
DA:137,0
DA:138,0
DA:139,0
DA:140,0
DA:141,0
DA:144,0
DA:146,0
DA:172,0
DA:176,0
DA:178,0
DA:180,0
DA:183,0
DA:184,0
DA:185,0
DA:193,0
DA:195,0
DA:197,0
DA:198,0
DA:201,0
DA:203,0
DA:204,0
LF:74
LH:34
end_of_record
SF:lib/features/todo/presentation/pages/task_list.dart
DA:13,14
DA:15,0
DA:17,0
DA:18,0
DA:19,0
DA:20,0
DA:21,0
DA:23,0
DA:29,15
DA:33,1
DA:35,1
DA:36,1
DA:39,1
DA:43,0
DA:44,0
DA:46,1
DA:47,3
DA:50,1
DA:51,1
DA:54,2
DA:56,2
DA:59,2
DA:62,2
DA:63,2
DA:69,1
DA:70,2
DA:71,1
DA:72,2
DA:73,4
DA:74,0
DA:76,0
DA:78,0
DA:79,0
DA:81,1
DA:83,5
DA:88,1
DA:90,2
DA:91,1
DA:94,1
DA:107,1
DA:113,1
DA:116,1
DA:117,0
DA:118,0
DA:120,1
DA:121,3
DA:122,1
DA:123,1
DA:136,4
DA:137,1
DA:139,1
DA:140,1
DA:141,1
DA:142,5
DA:143,5
DA:144,5
DA:145,5
DA:146,5
DA:147,5
DA:152,0
DA:153,1
DA:155,1
DA:156,1
DA:157,1
DA:158,2
DA:160,1
DA:161,1
DA:162,1
DA:168,1
DA:169,0
DA:170,0
DA:172,1
DA:173,1
DA:174,1
DA:175,2
DA:176,3
DA:178,1
DA:179,1
DA:181,1
DA:184,1
DA:185,1
DA:186,2
DA:187,4
DA:190,2
DA:193,1
LF:85
LH:67
end_of_record
SF:lib/core/connectivity/network_info.dart
DA:9,1
DA:10,1
DA:11,2
LF:3
LH:3
end_of_record
